<?xml version="1.0" encoding="UTF-8"?>
<!-- Generated by org.testng.reporters.JUnitReportReporter -->
<testsuite hostname="DESKTOP-9V7BJ7O" failures="0" tests="3" name="src.actitime.textscript.Taskmodule" time="0.025" errors="0" timestamp="2023-07-06T13:19:35 IST" skipped="0">
  <testcase classname="src.actitime.textscript.Taskmodule" name="modifyTask" time="0.006"/>
  <system-out>
    <![CDATA[modifyTask]]>
  </system-out>
  <testcase classname="src.actitime.textscript.Taskmodule" name="createTask" time="0.016"/>
  <system-out>
    <![CDATA[createTask]]>
  </system-out>
  <testcase classname="src.actitime.textscript.Taskmodule" name="deleteTask" time="0.003"/>
  <system-out>
    <![CDATA[deleteTask]]>
  </system-out>
</testsuite> <!-- src.actitime.textscript.Taskmodule -->
