<?xml version="1.0" encoding="UTF-8"?>
<!-- Generated by org.testng.reporters.JUnitReportReporter -->
<testsuite hostname="DESKTOP-9V7BJ7O" failures="0" tests="2" name="NewTest" time="0.018" errors="0" timestamp="2023-07-06T11:29:40 IST" skipped="0">
  <testcase classname="NewTest" name="f2" time="0.002"/>
  <system-out>
    <![CDATA[hello]]>
  </system-out>
  <testcase classname="NewTest" name="f" time="0.016"/>
  <system-out>
    <![CDATA[hi]]>
  </system-out>
</testsuite> <!-- NewTest -->
