<?xml version="1.0" encoding="UTF-8"?>
<!-- Generated by org.testng.reporters.JUnitReportReporter -->
<testsuite hostname="DESKTOP-9V7BJ7O" failures="0" tests="1" name="datadriventesting.LoginToActitime" time="20.479" errors="0" timestamp="2023-06-16T19:48:18 IST" skipped="0">
  <testcase classname="datadriventesting.LoginToActitime" name="loginActitimeTest" time="20.479"/>
  <system-out/>
</testsuite> <!-- datadriventesting.LoginToActitime -->
