<?xml version="1.0" encoding="UTF-8"?>
<!-- Generated by org.testng.reporters.JUnitReportReporter -->
<testsuite hostname="DESKTOP-9V7BJ7O" failures="0" tests="4" name="com.actitime.testscript.DemoTest" time="0.028" errors="0" timestamp="2023-07-13T12:21:48 IST" skipped="0">
  <testcase classname="com.actitime.testscript.DemoTest" name="createBrowser" time="0.004"/>
  <system-out>
    <![CDATA[createBrowser]]>
  </system-out>
  <testcase classname="com.actitime.testscript.DemoTest" name="createBrowser" time="0.019"/>
  <system-out>
    <![CDATA[createBrowser]]>
  </system-out>
  <testcase classname="com.actitime.testscript.DemoTest" name="editBrowser" time="0.002"/>
  <system-out>
    <![CDATA[editBrowser]]>
  </system-out>
  <testcase classname="com.actitime.testscript.DemoTest" name="deleteBrowser" time="0.003"/>
  <system-out>
    <![CDATA[deleteBrowser]]>
  </system-out>
</testsuite> <!-- com.actitime.testscript.DemoTest -->
