<?xml version="1.0" encoding="UTF-8"?>
<!-- Generated by org.testng.reporters.JUnitReportReporter -->
<testsuite hostname="DESKTOP-9V7BJ7O" failures="0" tests="1" name="src.actitime.textscript.NewTest2" time="0.017" errors="0" timestamp="2023-07-06T11:46:06 IST" skipped="0">
  <testcase classname="src.actitime.textscript.NewTest2" name="f" time="0.017"/>
  <system-out>
    <![CDATA[hi]]>
  </system-out>
</testsuite> <!-- src.actitime.textscript.NewTest2 -->
