<?xml version="1.0" encoding="UTF-8"?>
<!-- Generated by org.testng.reporters.JUnitReportReporter -->
<testsuite hostname="DESKTOP-9V7BJ7O" failures="0" tests="4" name="Customermodule" time="0.028" errors="0" timestamp="2023-07-17T20:49:10 IST" skipped="0">
  <testcase classname="Customermodule" name="deletecustomer" time="0.014"/>
  <system-out>
    <![CDATA[deletecustomer]]>
  </system-out>
  <testcase classname="Customermodule" name="resigercustomer" time="0.005"/>
  <system-out>
    <![CDATA[resigercustomer]]>
  </system-out>
  <testcase classname="Customermodule" name="editcustomer" time="0.005"/>
  <system-out>
    <![CDATA[editcustomer]]>
  </system-out>
  <testcase classname="Customermodule" name="editcustomer" time="0.004"/>
  <system-out>
    <![CDATA[editcustomer]]>
  </system-out>
</testsuite> <!-- Customermodule -->
