<?xml version="1.0" encoding="UTF-8"?>
<!-- Generated by org.testng.reporters.JUnitReportReporter -->
<testsuite hostname="DESKTOP-9V7BJ7O" failures="0" tests="1" name="assertionclass.DemoSoftAssertion" time="13.157" errors="0" timestamp="2023-07-07T14:08:36 IST" skipped="0">
  <testcase classname="assertionclass.DemoSoftAssertion" name="verifyTittle" time="13.157"/>
  <system-out/>
</testsuite> <!-- assertionclass.DemoSoftAssertion -->
