<?xml version="1.0" encoding="UTF-8"?>
<!-- Generated by org.testng.reporters.JUnitReportReporter -->
<testsuite hostname="DESKTOP-9V7BJ7O" failures="0" tests="1" name="assertionclass.DenoHardAssertion" time="17.038" errors="0" timestamp="2023-07-07T14:05:37 IST" skipped="0">
  <testcase classname="assertionclass.DenoHardAssertion" name="verifyTittle" time="17.038"/>
  <system-out/>
</testsuite> <!-- assertionclass.DenoHardAssertion -->
