<?xml version="1.0" encoding="UTF-8"?>
<!-- Generated by org.testng.reporters.JUnitReportReporter -->
<testsuite hostname="DESKTOP-9V7BJ7O" failures="0" tests="2" name="src.actitime.textscript.NewTest1" time="0.021" errors="0" timestamp="2023-07-06T13:02:37 IST" skipped="0">
  <testcase classname="src.actitime.textscript.NewTest1" name="f" time="0.017"/>
  <system-out>
    <![CDATA[hi]]>
  </system-out>
  <testcase classname="src.actitime.textscript.NewTest1" name="f2" time="0.004"/>
  <system-out>
    <![CDATA[hello]]>
  </system-out>
</testsuite> <!-- src.actitime.textscript.NewTest1 -->
