<?xml version="1.0" encoding="UTF-8"?>
<!-- Generated by org.testng.reporters.JUnitReportReporter -->
<testsuite hostname="DESKTOP-9V7BJ7O" failures="0" tests="1" name="com.actitime.testscript.Customermodule1" time="20.948" errors="0" timestamp="2023-07-13T12:44:59 IST" skipped="0">
  <testcase classname="com.actitime.testscript.Customermodule1" name="createCustomer" time="20.948"/>
  <system-out>
    <![CDATA[create customer]]>
  </system-out>
</testsuite> <!-- com.actitime.testscript.Customermodule1 -->
